<?xml version="1.0" encoding="UTF-8"?>
<testng-results skipped="0" failed="0" total="2" passed="2">
  <reporter-output>
  </reporter-output>
  <suite name="Default suite" duration-ms="58458" started-at="2018-05-21T06:59:25Z" finished-at="2018-05-21T07:00:24Z">
    <groups>
    </groups>
    <test name="Default test" duration-ms="58458" started-at="2018-05-21T06:59:25Z" finished-at="2018-05-21T07:00:24Z">
      <class name="com.sci.Testmate.TestScripts.Orders_for_this_LocationTestScripts">
        <test-method status="PASS" signature="beforeTest()[pri:0, instance:com.sci.Testmate.TestScripts.Orders_for_this_LocationTestScripts@1fbf16f]" name="beforeTest" is-config="true" duration-ms="109" started-at="2018-05-21T12:29:25Z" finished-at="2018-05-21T12:29:25Z">
          <reporter-output>
          </reporter-output>
        </test-method> <!-- beforeTest -->
        <test-method status="PASS" signature="orders_For_this_Location()[pri:0, instance:com.sci.Testmate.TestScripts.Orders_for_this_LocationTestScripts@1fbf16f]" name="orders_For_this_Location" duration-ms="55872" started-at="2018-05-21T12:29:25Z" finished-at="2018-05-21T12:30:21Z">
          <reporter-output>
          </reporter-output>
        </test-method> <!-- orders_For_this_Location -->
        <test-method status="PASS" signature="orders_searchFunctionality()[pri:0, instance:com.sci.Testmate.TestScripts.Orders_for_this_LocationTestScripts@1fbf16f]" name="orders_searchFunctionality" duration-ms="2414" started-at="2018-05-21T12:30:21Z" finished-at="2018-05-21T12:30:24Z">
          <reporter-output>
          </reporter-output>
        </test-method> <!-- orders_searchFunctionality -->
      </class> <!-- com.sci.Testmate.TestScripts.Orders_for_this_LocationTestScripts -->
    </test> <!-- Default test -->
  </suite> <!-- Default suite -->
</testng-results>
